<?xml version="1.0" encoding="UTF-8"?>
<!-- Generated by org.testng.reporters.JUnitXMLReporter -->
<testsuite ignored="0" hostname="mohammads-MacBook-Pro.local" failures="0" tests="2" name="Login Page Test" time="4.428" errors="0" timestamp="06 Dec 2018 23:23:55 GMT">
  <testcase classname="com.orangehrm.tests.LoginPageTest" name="LoginWithAdminUser" time="1.397"/>
  <testcase classname="com.orangehrm.tests.LoginPageTest" name="VerifyLogoInMainPage" time="0.116"/>
</testsuite> <!-- Login Page Test -->
