<?xml version="1.0" encoding="UTF-8"?>
<testng-results ignored="0" total="1" passed="1" failed="0" skipped="0">
  <reporter-output>
  </reporter-output>
  <suite started-at="2018-12-05T23:05:44Z" name="OrangeHRM Application" finished-at="2018-12-05T23:05:50Z" duration-ms="5547">
    <groups>
    </groups>
    <test started-at="2018-12-05T23:05:44Z" name="Login Page Test" finished-at="2018-12-05T23:05:50Z" duration-ms="5547">
      <class name="com.orangehrm.tests.LoginPageTest">
        <test-method is-config="true" signature="lunchTest(java.lang.String)[pri:0, instance:com.orangehrm.tests.LoginPageTest@b62d79]" started-at="2018-12-05T23:05:44Z" name="lunchTest" finished-at="2018-12-05T23:05:49Z" duration-ms="5250" status="PASS">
          <params>
            <param index="0">
              <value>
                <![CDATA[chrome]]>
              </value>
            </param>
          </params>
          <reporter-output>
          </reporter-output>
        </test-method> <!-- lunchTest -->
        <test-method signature="VerifyLogoInMainPage()[pri:0, instance:com.orangehrm.tests.LoginPageTest@b62d79]" started-at="2018-12-05T23:05:49Z" name="VerifyLogoInMainPage" finished-at="2018-12-05T23:05:49Z" duration-ms="96" status="PASS">
          <reporter-output>
          </reporter-output>
        </test-method> <!-- VerifyLogoInMainPage -->
        <test-method is-config="true" signature="closingWindows()[pri:0, instance:com.orangehrm.tests.LoginPageTest@b62d79]" started-at="2018-12-05T23:05:49Z" name="closingWindows" finished-at="2018-12-05T23:05:50Z" duration-ms="181" status="PASS">
          <reporter-output>
          </reporter-output>
        </test-method> <!-- closingWindows -->
      </class> <!-- com.orangehrm.tests.LoginPageTest -->
    </test> <!-- Login Page Test -->
  </suite> <!-- OrangeHRM Application -->
</testng-results>
