<?xml version="1.0" encoding="UTF-8"?>
<testng-results ignored="0" total="1" passed="1" failed="0" skipped="0">
  <reporter-output>
  </reporter-output>
  <suite started-at="2018-12-04T22:32:08Z" name="OrangeHRM Application" finished-at="2018-12-04T22:32:16Z" duration-ms="7960">
    <groups>
    </groups>
    <test started-at="2018-12-04T22:32:08Z" name="Login Page Test" finished-at="2018-12-04T22:32:16Z" duration-ms="7960">
      <class name="com.orangehrm.tests.LoginPageTest">
        <test-method is-config="true" signature="lunchTest(java.lang.String)[pri:0, instance:com.orangehrm.tests.LoginPageTest@2e377400]" started-at="2018-12-04T22:32:08Z" name="lunchTest" finished-at="2018-12-04T22:32:16Z" duration-ms="7614" status="PASS">
          <params>
            <param index="0">
              <value>
                <![CDATA[chrome]]>
              </value>
            </param>
          </params>
          <reporter-output>
          </reporter-output>
        </test-method> <!-- lunchTest -->
        <test-method signature="VerifyLogoInMainPage()[pri:0, instance:com.orangehrm.tests.LoginPageTest@2e377400]" started-at="2018-12-04T22:32:16Z" name="VerifyLogoInMainPage" finished-at="2018-12-04T22:32:16Z" duration-ms="122" status="PASS">
          <reporter-output>
          </reporter-output>
        </test-method> <!-- VerifyLogoInMainPage -->
        <test-method is-config="true" signature="closingWindows()[pri:0, instance:com.orangehrm.tests.LoginPageTest@2e377400]" started-at="2018-12-04T22:32:16Z" name="closingWindows" finished-at="2018-12-04T22:32:16Z" duration-ms="160" status="PASS">
          <reporter-output>
          </reporter-output>
        </test-method> <!-- closingWindows -->
      </class> <!-- com.orangehrm.tests.LoginPageTest -->
    </test> <!-- Login Page Test -->
  </suite> <!-- OrangeHRM Application -->
</testng-results>
